# JRE version: Java(TM) SE Runtime Environment (8.0_65-b17) (build 1.8.0_65-b17)
# Java VM: Java HotSpot(TM) 64-Bit Server VM (25.65-b01 mixed mode bsd-amd64 compressed oops)
Heap:
 PSYoungGen      total 48128K, used 44748K [0x000000076ab00000, 0x000000076f180000, 0x00000007c0000000)
  eden space 47616K, 93% used [0x000000076ab00000,0x000000076d69b3a8,0x000000076d980000)
  from space 512K, 18% used [0x000000076da00000,0x000000076da18000,0x000000076da80000)
  to   space 12288K, 0% used [0x000000076e580000,0x000000076e580000,0x000000076f180000)
 ParOldGen       total 175104K, used 12632K [0x00000006c0000000, 0x00000006cab00000, 0x000000076ab00000)
  object space 175104K, 7% used [0x00000006c0000000,0x00000006c0c561b8,0x00000006cab00000)
 Metaspace       used 19238K, capacity 19487K, committed 19712K, reserved 1067008K
  class space    used 1872K, capacity 1950K, committed 2048K, reserved 1048576K
GC Heap History (10 events):
Event: 58.504 GC heap before
{Heap before GC invocations=17 (full 0):
 PSYoungGen      total 66048K, used 52256K [0x000000076ab00000, 0x000000076fc00000, 0x00000007c0000000)
  eden space 52224K, 100% used [0x000000076ab00000,0x000000076de00000,0x000000076de00000)
  from space 13824K, 0% used [0x000000076ee80000,0x000000076ee88000,0x000000076fc00000)
  to   space 15360K, 0% used [0x000000076de00000,0x000000076de00000,0x000000076ed00000)
 ParOldGen       total 175104K, used 12536K [0x00000006c0000000, 0x00000006cab00000, 0x000000076ab00000)
  object space 175104K, 7% used [0x00000006c0000000,0x00000006c0c3e1b8,0x00000006cab00000)
 Metaspace       used 19187K, capacity 19327K, committed 19584K, reserved 1067008K
  class space    used 1863K, capacity 1918K, committed 1920K, reserved 1048576K
Event: 58.505 GC heap after
Heap after GC invocations=17 (full 0):
 PSYoungGen      total 51712K, used 128K [0x000000076ab00000, 0x000000076fa00000, 0x00000007c0000000)
  eden space 51200K, 0% used [0x000000076ab00000,0x000000076ab00000,0x000000076dd00000)
  from space 512K, 25% used [0x000000076de00000,0x000000076de20000,0x000000076de80000)
  to   space 14848K, 0% used [0x000000076eb80000,0x000000076eb80000,0x000000076fa00000)
 ParOldGen       total 175104K, used 12560K [0x00000006c0000000, 0x00000006cab00000, 0x000000076ab00000)
  object space 175104K, 7% used [0x00000006c0000000,0x00000006c0c441b8,0x00000006cab00000)
 Metaspace       used 19187K, capacity 19327K, committed 19584K, reserved 1067008K
  class space    used 1863K, capacity 1918K, committed 1920K, reserved 1048576K
}
Event: 62.255 GC heap before
{Heap before GC invocations=18 (full 0):
 PSYoungGen      total 51712K, used 51328K [0x000000076ab00000, 0x000000076fa00000, 0x00000007c0000000)
  eden space 51200K, 100% used [0x000000076ab00000,0x000000076dd00000,0x000000076dd00000)
  from space 512K, 25% used [0x000000076de00000,0x000000076de20000,0x000000076de80000)
  to   space 14848K, 0% used [0x000000076eb80000,0x000000076eb80000,0x000000076fa00000)
 ParOldGen       total 175104K, used 12560K [0x00000006c0000000, 0x00000006cab00000, 0x000000076ab00000)
  object space 175104K, 7% used [0x00000006c0000000,0x00000006c0c441b8,0x00000006cab00000)
 Metaspace       used 19201K, capacity 19327K, committed 19584K, reserved 1067008K
  class space    used 1863K, capacity 1918K, committed 1920K, reserved 1048576K
Event: 62.257 GC heap after
Heap after GC invocations=18 (full 0):
 PSYoungGen      total 62976K, used 64K [0x000000076ab00000, 0x000000076f800000, 0x00000007c0000000)
  eden space 50176K, 0% used [0x000000076ab00000,0x000000076ab00000,0x000000076dc00000)
  from space 12800K, 0% used [0x000000076eb80000,0x000000076eb90000,0x000000076f800000)
  to   space 14336K, 0% used [0x000000076dc00000,0x000000076dc00000,0x000000076ea00000)
 ParOldGen       total 175104K, used 12584K [0x00000006c0000000, 0x00000006cab00000, 0x000000076ab00000)
  object space 175104K, 7% used [0x00000006c0000000,0x00000006c0c4a1b8,0x00000006cab00000)
 Metaspace       used 19201K, capacity 19327K, committed 19584K, reserved 1067008K
  class space    used 1863K, capacity 1918K, committed 1920K, reserved 1048576K
}
Event: 66.040 GC heap before
{Heap before GC invocations=19 (full 0):
 PSYoungGen      total 62976K, used 50240K [0x000000076ab00000, 0x000000076f800000, 0x00000007c0000000)
  eden space 50176K, 100% used [0x000000076ab00000,0x000000076dc00000,0x000000076dc00000)
  from space 12800K, 0% used [0x000000076eb80000,0x000000076eb90000,0x000000076f800000)
  to   space 14336K, 0% used [0x000000076dc00000,0x000000076dc00000,0x000000076ea00000)
 ParOldGen       total 175104K, used 12584K [0x00000006c0000000, 0x00000006cab00000, 0x000000076ab00000)
  object space 175104K, 7% used [0x00000006c0000000,0x00000006c0c4a1b8,0x00000006cab00000)
 Metaspace       used 19201K, capacity 19327K, committed 19584K, reserved 1067008K
  class space    used 1863K, capacity 1918K, committed 1920K, reserved 1048576K
Event: 66.042 GC heap after
Heap after GC invocations=19 (full 0):
 PSYoungGen      total 49664K, used 128K [0x000000076ab00000, 0x000000076f500000, 0x00000007c0000000)
  eden space 49152K, 0% used [0x000000076ab00000,0x000000076ab00000,0x000000076db00000)
  from space 512K, 25% used [0x000000076dc00000,0x000000076dc20000,0x000000076dc80000)
  to   space 13312K, 0% used [0x000000076e800000,0x000000076e800000,0x000000076f500000)
 ParOldGen       total 175104K, used 12608K [0x00000006c0000000, 0x00000006cab00000, 0x000000076ab00000)
  object space 175104K, 7% used [0x00000006c0000000,0x00000006c0c501b8,0x00000006cab00000)
 Metaspace       used 19201K, capacity 19327K, committed 19584K, reserved 1067008K
  class space    used 1863K, capacity 1918K, committed 1920K, reserved 1048576K
}
Event: 69.759 GC heap before
{Heap before GC invocations=20 (full 0):
 PSYoungGen      total 49664K, used 49280K [0x000000076ab00000, 0x000000076f500000, 0x00000007c0000000)
  eden space 49152K, 100% used [0x000000076ab00000,0x000000076db00000,0x000000076db00000)
  from space 512K, 25% used [0x000000076dc00000,0x000000076dc20000,0x000000076dc80000)
  to   space 13312K, 0% used [0x000000076e800000,0x000000076e800000,0x000000076f500000)
 ParOldGen       total 175104K, used 12608K [0x00000006c0000000, 0x00000006cab00000, 0x000000076ab00000)
  object space 175104K, 7% used [0x00000006c0000000,0x00000006c0c501b8,0x00000006cab00000)
 Metaspace       used 19201K, capacity 19327K, committed 19584K, reserved 1067008K
  class space    used 1863K, capacity 1918K, committed 1920K, reserved 1048576K
Event: 69.760 GC heap after
Heap after GC invocations=20 (full 0):
 PSYoungGen      total 59392K, used 96K [0x000000076ab00000, 0x000000076f300000, 0x00000007c0000000)
  eden space 48128K, 0% used [0x000000076ab00000,0x000000076ab00000,0x000000076da00000)
  from space 11264K, 0% used [0x000000076e800000,0x000000076e818000,0x000000076f300000)
  to   space 12800K, 0% used [0x000000076da00000,0x000000076da00000,0x000000076e680000)
 ParOldGen       total 175104K, used 12616K [0x00000006c0000000, 0x00000006cab00000, 0x000000076ab00000)
  object space 175104K, 7% used [0x00000006c0000000,0x00000006c0c521b8,0x00000006cab00000)
 Metaspace       used 19201K, capacity 19327K, committed 19584K, reserved 1067008K
  class space    used 1863K, capacity 1918K, committed 1920K, reserved 1048576K
}
Event: 73.344 GC heap before
{Heap before GC invocations=21 (full 0):
 PSYoungGen      total 59392K, used 48224K [0x000000076ab00000, 0x000000076f300000, 0x00000007c0000000)
  eden space 48128K, 100% used [0x000000076ab00000,0x000000076da00000,0x000000076da00000)
  from space 11264K, 0% used [0x000000076e800000,0x000000076e818000,0x000000076f300000)
  to   space 12800K, 0% used [0x000000076da00000,0x000000076da00000,0x000000076e680000)
 ParOldGen       total 175104K, used 12616K [0x00000006c0000000, 0x00000006cab00000, 0x000000076ab00000)
  object space 175104K, 7% used [0x00000006c0000000,0x00000006c0c521b8,0x00000006cab00000)
 Metaspace       used 19201K, capacity 19327K, committed 19584K, reserved 1067008K
  class space    used 1863K, capacity 1918K, committed 1920K, reserved 1048576K
Event: 73.346 GC heap after
Heap after GC invocations=21 (full 0):
 PSYoungGen      total 48128K, used 96K [0x000000076ab00000, 0x000000076f180000, 0x00000007c0000000)
  eden space 47616K, 0% used [0x000000076ab00000,0x000000076ab00000,0x000000076d980000)
  from space 512K, 18% used [0x000000076da00000,0x000000076da18000,0x000000076da80000)
  to   space 12288K, 0% used [0x000000076e580000,0x000000076e580000,0x000000076f180000)
 ParOldGen       total 175104K, used 12632K [0x00000006c0000000, 0x00000006cab00000, 0x000000076ab00000)
  object space 175104K, 7% used [0x00000006c0000000,0x00000006c0c561b8,0x00000006cab00000)
 Metaspace       used 19201K, capacity 19327K, committed 19584K, reserved 1067008K
  class space    used 1863K, capacity 1918K, committed 1920K, reserved 1048576K
}

